<?xml version="1.0" encoding="UTF-8"?>
<!-- Generated by org.testng.reporters.JUnitXMLReporter -->
<testsuite ignored="8" hostname="DESKTOP-8SKARJ9" failures="1" tests="1" name="Default test" time="15.387" errors="0" timestamp="2022-03-16T04:30:19 IST">
  <testcase classname="com.linkedin.qa.testcases.HomePageTest" name="verifyHomePageTitle" time="0.11">
    <failure type="java.lang.AssertionError" message="expected [Wrong Title] but found [Feed | LinkedIn]">
      <![CDATA[java.lang.AssertionError: expected [Wrong Title] but found [Feed | LinkedIn]
at org.testng.Assert.fail(Assert.java:99)
at org.testng.Assert.failNotEquals(Assert.java:1037)
at org.testng.Assert.assertEqualsImpl(Assert.java:140)
at org.testng.Assert.assertEquals(Assert.java:122)
at org.testng.Assert.assertEquals(Assert.java:629)
at org.testng.Assert.assertEquals(Assert.java:639)
at com.linkedin.qa.testcases.HomePageTest.verifyHomePageTitle(HomePageTest.java:47)
at java.base/jdk.internal.reflect.NativeMethodAccessorImpl.invoke0(Native Method)
at java.base/jdk.internal.reflect.NativeMethodAccessorImpl.invoke(NativeMethodAccessorImpl.java:62)
at java.base/jdk.internal.reflect.DelegatingMethodAccessorImpl.invoke(DelegatingMethodAccessorImpl.java:43)
at java.base/java.lang.reflect.Method.invoke(Method.java:566)
at org.testng.internal.MethodInvocationHelper.invokeMethod(MethodInvocationHelper.java:133)
at org.testng.internal.TestInvoker.invokeMethod(TestInvoker.java:598)
at org.testng.internal.TestInvoker.invokeTestMethod(TestInvoker.java:173)
at org.testng.internal.MethodRunner.runInSequence(MethodRunner.java:46)
at org.testng.internal.TestInvoker$MethodInvocationAgent.invoke(TestInvoker.java:824)
at org.testng.internal.TestInvoker.invokeTestMethods(TestInvoker.java:146)
at org.testng.internal.TestMethodWorker.invokeTestMethods(TestMethodWorker.java:146)
at org.testng.internal.TestMethodWorker.run(TestMethodWorker.java:128)
at java.base/java.util.ArrayList.forEach(ArrayList.java:1541)
at org.testng.TestRunner.privateRun(TestRunner.java:794)
at org.testng.TestRunner.run(TestRunner.java:596)
at org.testng.SuiteRunner.runTest(SuiteRunner.java:377)
at org.testng.SuiteRunner.runSequentially(SuiteRunner.java:371)
at org.testng.SuiteRunner.privateRun(SuiteRunner.java:332)
at org.testng.SuiteRunner.run(SuiteRunner.java:276)
at org.testng.SuiteRunnerWorker.runSuite(SuiteRunnerWorker.java:53)
at org.testng.SuiteRunnerWorker.run(SuiteRunnerWorker.java:96)
at org.testng.TestNG.runSuitesSequentially(TestNG.java:1212)
at org.testng.TestNG.runSuitesLocally(TestNG.java:1134)
at org.testng.TestNG.runSuites(TestNG.java:1063)
at org.testng.TestNG.run(TestNG.java:1031)
at org.testng.remote.AbstractRemoteTestNG.run(AbstractRemoteTestNG.java:115)
at org.testng.remote.RemoteTestNG.initAndRun(RemoteTestNG.java:251)
at org.testng.remote.RemoteTestNG.main(RemoteTestNG.java:77)
]]>
    </failure>
  </testcase> <!-- verifyHomePageTitle -->
  <testcase classname="com.linkedin.qa.testcases.HomePageTest" name="scrollPage" time="0.0">
    <ignored/>
  </testcase> <!-- scrollPage -->
  <testcase classname="com.linkedin.qa.testcases.HomePageTest" name="uploadProfilePic" time="0.0">
    <ignored/>
  </testcase> <!-- uploadProfilePic -->
  <testcase classname="com.linkedin.qa.testcases.HomePageTest" name="verifyMessagingPageLink" time="0.0">
    <ignored/>
  </testcase> <!-- verifyMessagingPageLink -->
  <testcase classname="com.linkedin.qa.testcases.HomePageTest" name="verifyUserNameIsDisplayed" time="0.0">
    <ignored/>
  </testcase> <!-- verifyUserNameIsDisplayed -->
  <testcase classname="com.linkedin.qa.testcases.HomePageTest" name="minimizeChatWindow" time="0.0">
    <ignored/>
  </testcase> <!-- minimizeChatWindow -->
  <testcase classname="com.linkedin.qa.testcases.HomePageTest" name="verifyJobsPageLink" time="0.0">
    <ignored/>
  </testcase> <!-- verifyJobsPageLink -->
  <testcase classname="com.linkedin.qa.testcases.HomePageTest" name="verifyMyNetworkPageLink" time="0.0">
    <ignored/>
  </testcase> <!-- verifyMyNetworkPageLink -->
  <testcase classname="com.linkedin.qa.testcases.HomePageTest" name="verifyNotificationsPageLink" time="0.0">
    <ignored/>
  </testcase> <!-- verifyNotificationsPageLink -->
</testsuite> <!-- Default test -->
