<?xml version="1.0" encoding="UTF-8"?>
<!-- Generated by org.testng.reporters.JUnitXMLReporter -->
<testsuite ignored="0" hostname="DESKTOP-8SKARJ9" failures="2" tests="20" name="Test" time="339.482" errors="0" timestamp="2022-03-16T15:11:49 IST">
  <testcase classname="com.linkedin.qa.testcases.LogoutPagetTest" name="verifyLogout" time="10.24">
    <failure type="org.openqa.selenium.NoSuchElementException" message="no such element: Unable to locate element: {&amp;quot;method&amp;quot;:&amp;quot;xpath&amp;quot;,&amp;quot;selector&amp;quot;:&amp;quot;//button[@id=&amp;apos;ember25&amp;apos;]&amp;quot;}
  (Session info: chrome=99.0.4844.51)
For documentation on this error, please visit: https://www.seleniumhq.org/exceptions/no_such_element.html
Build info: version: &amp;apos;3.141.59&amp;apos;, revision: &amp;apos;e82be7d358&amp;apos;, time: &amp;apos;2018-11-14T08:17:03&amp;apos;
System info: host: &amp;apos;DESKTOP-8SKARJ9&amp;apos;, ip: &amp;apos;192.168.141.232&amp;apos;, os.name: &amp;apos;Windows 10&amp;apos;, os.arch: &amp;apos;amd64&amp;apos;, os.version: &amp;apos;10.0&amp;apos;, java.version: &amp;apos;11.0.13&amp;apos;
Driver info: org.openqa.selenium.chrome.ChromeDriver
Capabilities {acceptInsecureCerts: false, browserName: chrome, browserVersion: 99.0.4844.51, chrome: {chromedriverVersion: 99.0.4844.51 (d537ec02474b5..., userDataDir: C:\Users\Navneet\AppData\Lo...}, goog:chromeOptions: {debuggerAddress: localhost:54968}, javascriptEnabled: true, networkConnectionEnabled: false, pageLoadStrategy: normal, platform: WINDOWS, platformName: WINDOWS, proxy: Proxy(), setWindowRect: true, strictFileInteractability: false, timeouts: {implicit: 0, pageLoad: 300000, script: 30000}, unhandledPromptBehavior: dismiss and notify, webauthn:extension:credBlob: true, webauthn:extension:largeBlob: true, webauthn:virtualAuthenticators: true}
Session ID: a9a1c6ab44d203e097647657fbcca1c6
*** Element info: {Using=xpath, value=//button[@id=&amp;apos;ember25&amp;apos;]}">
      <![CDATA[org.openqa.selenium.NoSuchElementException: no such element: Unable to locate element: {"method":"xpath","selector":"//button[@id='ember25']"}
  (Session info: chrome=99.0.4844.51)
For documentation on this error, please visit: https://www.seleniumhq.org/exceptions/no_such_element.html
Build info: version: '3.141.59', revision: 'e82be7d358', time: '2018-11-14T08:17:03'
System info: host: 'DESKTOP-8SKARJ9', ip: '192.168.141.232', os.name: 'Windows 10', os.arch: 'amd64', os.version: '10.0', java.version: '11.0.13'
Driver info: org.openqa.selenium.chrome.ChromeDriver
Capabilities {acceptInsecureCerts: false, browserName: chrome, browserVersion: 99.0.4844.51, chrome: {chromedriverVersion: 99.0.4844.51 (d537ec02474b5..., userDataDir: C:\Users\Navneet\AppData\Lo...}, goog:chromeOptions: {debuggerAddress: localhost:54968}, javascriptEnabled: true, networkConnectionEnabled: false, pageLoadStrategy: normal, platform: WINDOWS, platformName: WINDOWS, proxy: Proxy(), setWindowRect: true, strictFileInteractability: false, timeouts: {implicit: 0, pageLoad: 300000, script: 30000}, unhandledPromptBehavior: dismiss and notify, webauthn:extension:credBlob: true, webauthn:extension:largeBlob: true, webauthn:virtualAuthenticators: true}
Session ID: a9a1c6ab44d203e097647657fbcca1c6
*** Element info: {Using=xpath, value=//button[@id='ember25']}
at org.openqa.selenium.remote.http.W3CHttpResponseCodec.createException(W3CHttpResponseCodec.java:187)
at org.openqa.selenium.remote.http.W3CHttpResponseCodec.decode(W3CHttpResponseCodec.java:122)
at org.openqa.selenium.remote.http.W3CHttpResponseCodec.decode(W3CHttpResponseCodec.java:49)
at org.openqa.selenium.remote.HttpCommandExecutor.execute(HttpCommandExecutor.java:158)
at org.openqa.selenium.remote.service.DriverCommandExecutor.execute(DriverCommandExecutor.java:83)
at org.openqa.selenium.remote.RemoteWebDriver.execute(RemoteWebDriver.java:552)
at org.openqa.selenium.remote.RemoteWebDriver.findElement(RemoteWebDriver.java:323)
at org.openqa.selenium.remote.RemoteWebDriver.findElementByXPath(RemoteWebDriver.java:428)
at org.openqa.selenium.By$ByXPath.findElement(By.java:353)
at org.openqa.selenium.remote.RemoteWebDriver.findElement(RemoteWebDriver.java:315)
at org.openqa.selenium.support.pagefactory.DefaultElementLocator.findElement(DefaultElementLocator.java:69)
at org.openqa.selenium.support.pagefactory.internal.LocatingElementHandler.invoke(LocatingElementHandler.java:38)
at com.sun.proxy.$Proxy19.click(Unknown Source)
at com.linkedin.qa.pages.LogoutPage.logout(LogoutPage.java:25)
at com.linkedin.qa.testcases.LogoutPagetTest.verifyLogout(LogoutPagetTest.java:39)
at java.base/java.util.ArrayList.forEach(ArrayList.java:1541)
... Removed 31 stack frames]]>
    </failure>
  </testcase> <!-- verifyLogout -->
  <testcase classname="com.linkedin.qa.testcases.LoginPageTest" name="loginPageTitleTest" time="0.095"/>
  <testcase classname="com.linkedin.qa.testcases.LoginPageTest" name="loginPageTitleTestWithLogs" time="0.029"/>
  <testcase classname="com.linkedin.qa.testcases.LoginPageTest" name="loginTest" time="13.064"/>
  <testcase classname="com.linkedin.qa.testcases.LoginPageTest" name="multipleLoginTest" time="3.137"/>
  <testcase classname="com.linkedin.qa.testcases.LoginPageTest" name="multipleLoginTest" time="4.075"/>
  <testcase classname="com.linkedin.qa.testcases.LoginPageTest" name="multipleLoginTest" time="2.55"/>
  <testcase classname="com.linkedin.qa.testcases.LoginPageTest" name="multipleLoginTest" time="2.647"/>
  <testcase classname="com.linkedin.qa.testcases.LoginPageTest" name="multipleLoginTest" time="16.244"/>
  <testcase classname="com.linkedin.qa.testcases.LoginPageTest" name="test_AfterLogin_TakeScreenshot" time="20.574"/>
  <testcase classname="com.linkedin.qa.testcases.HomePageTest" name="verifyHomePageTitle" time="0.018">
    <failure type="java.lang.AssertionError" message="expected [Wrong Title] but found [(2) Feed | LinkedIn]">
      <![CDATA[java.lang.AssertionError: expected [Wrong Title] but found [(2) Feed | LinkedIn]
at com.linkedin.qa.testcases.HomePageTest.verifyHomePageTitle(HomePageTest.java:47)
at java.base/java.util.ArrayList.forEach(ArrayList.java:1541)
... Removed 33 stack frames]]>
    </failure>
  </testcase> <!-- verifyHomePageTitle -->
  <testcase classname="com.linkedin.qa.testcases.HomePageTest" name="verifyUserNameIsDisplayed" time="0.07"/>
  <testcase classname="com.linkedin.qa.testcases.HomePageTest" name="minimizeChatWindow" time="0.244"/>
  <testcase classname="com.linkedin.qa.testcases.HomePageTest" name="verifyJobsPageLink" time="0.302"/>
  <testcase classname="com.linkedin.qa.testcases.HomePageTest" name="verifyMessagingPageLink" time="0.325"/>
  <testcase classname="com.linkedin.qa.testcases.HomePageTest" name="verifyNotificationsPageLink" time="0.375"/>
  <testcase classname="com.linkedin.qa.testcases.HomePageTest" name="verifyMyNetworkPageLink" time="0.252"/>
  <testcase classname="com.linkedin.qa.testcases.HomePageTest" name="uploadProfilePic" time="0.008"/>
  <testcase classname="com.linkedin.qa.testcases.HomePageTest" name="scrollPage" time="30.674"/>
  <testcase classname="com.linkedin.qa.testcases.SignUpPageTest" name="test_SignUp" time="2.924"/>
</testsuite> <!-- Test -->
